2024-02-10 10:46:58.551  INFO 45754 --- [main] c.example.demo.SareetaApplicationTests   : Starting SareetaApplicationTests on MOHAMMEDs-MBP with PID 45754 (started by mohd in /Users/mohd/Downloads/udacity-project4-main/nd035-c4-Security-and-DevOps/starter_code)
2024-02-10 10:46:58.551  INFO 45754 --- [main] c.example.demo.SareetaApplicationTests   : No active profile set, falling back to default profiles: default
2024-02-10 10:46:58.762  INFO 45754 --- [main] .s.d.r.c.RepositoryConfigurationDelegate : Bootstrapping Spring Data JPA repositories in DEFAULT mode.
2024-02-10 10:46:58.796  INFO 45754 --- [main] .s.d.r.c.RepositoryConfigurationDelegate : Finished Spring Data repository scanning in 30ms. Found 4 JPA repository interfaces.
2024-02-10 10:46:59.135  INFO 45754 --- [main] o.hibernate.jpa.internal.util.LogHelper  : HHH000204: Processing PersistenceUnitInfo [name: default]
2024-02-10 10:46:59.161  INFO 45754 --- [main] org.hibernate.Version                    : HHH000412: Hibernate ORM core version 5.4.18.Final
2024-02-10 10:46:59.217  INFO 45754 --- [main] o.hibernate.annotations.common.Version   : HCANN000001: Hibernate Commons Annotations {5.1.0.Final}
2024-02-10 10:46:59.269  INFO 45754 --- [main] com.zaxxer.hikari.HikariDataSource       : HikariPool-1 - Starting...
2024-02-10 10:46:59.347  INFO 45754 --- [main] com.zaxxer.hikari.HikariDataSource       : HikariPool-1 - Start completed.
2024-02-10 10:46:59.356  INFO 45754 --- [main] org.hibernate.dialect.Dialect            : HHH000400: Using dialect: org.hibernate.dialect.H2Dialect
2024-02-10 10:46:59.676  INFO 45754 --- [main] o.h.e.t.j.p.i.JtaPlatformInitiator       : HHH000490: Using JtaPlatform implementation: [org.hibernate.engine.transaction.jta.platform.internal.NoJtaPlatform]
2024-02-10 10:46:59.681  INFO 45754 --- [main] j.LocalContainerEntityManagerFactoryBean : Initialized JPA EntityManagerFactory for persistence unit 'default'
2024-02-10 10:46:59.888  WARN 45754 --- [main] JpaBaseConfiguration$JpaWebConfiguration : spring.jpa.open-in-view is enabled by default. Therefore, database queries may be performed during view rendering. Explicitly configure spring.jpa.open-in-view to disable this warning
2024-02-10 10:47:00.107  INFO 45754 --- [main] o.s.s.web.DefaultSecurityFilterChain     : Creating filter chain: any request, [org.springframework.security.web.context.request.async.WebAsyncManagerIntegrationFilter@3ba96967, org.springframework.security.web.context.SecurityContextPersistenceFilter@ba86c53, org.springframework.security.web.header.HeaderWriterFilter@4203529f, org.springframework.web.filter.CorsFilter@5764d421, org.springframework.security.web.authentication.logout.LogoutFilter@28a3fc34, com.example.demo.security.JWTAuthenticationFilter@1237cade, com.example.demo.security.JWTAuthenticationVerficationFilter@70d7a49b, org.springframework.security.web.savedrequest.RequestCacheAwareFilter@1b5f960a, org.springframework.security.web.servletapi.SecurityContextHolderAwareRequestFilter@146db8a6, org.springframework.security.web.authentication.AnonymousAuthenticationFilter@4509b7, org.springframework.security.web.session.SessionManagementFilter@5a58db42, org.springframework.security.web.access.ExceptionTranslationFilter@780a91d0, org.springframework.security.web.access.intercept.FilterSecurityInterceptor@1d0f7bcf]
2024-02-10 10:47:00.188  INFO 45754 --- [main] o.s.s.concurrent.ThreadPoolTaskExecutor  : Initializing ExecutorService 'applicationTaskExecutor'
2024-02-10 10:47:00.275  INFO 45754 --- [main] c.example.demo.SareetaApplicationTests   : Started SareetaApplicationTests in 1.884 seconds (JVM running for 2.355)
2024-02-10 10:47:00.335  INFO 45754 --- [SpringContextShutdownHook] o.s.s.concurrent.ThreadPoolTaskExecutor  : Shutting down ExecutorService 'applicationTaskExecutor'
2024-02-10 10:47:00.337  INFO 45754 --- [SpringContextShutdownHook] j.LocalContainerEntityManagerFactoryBean : Closing JPA EntityManagerFactory for persistence unit 'default'
2024-02-10 10:47:00.338  INFO 45754 --- [SpringContextShutdownHook] com.zaxxer.hikari.HikariDataSource       : HikariPool-1 - Shutdown initiated...
2024-02-10 10:47:00.342  INFO 45754 --- [SpringContextShutdownHook] com.zaxxer.hikari.HikariDataSource       : HikariPool-1 - Shutdown completed.
2024-02-10 12:01:44.428  INFO 46611 --- [main] c.example.demo.SareetaApplicationTests   : Starting SareetaApplicationTests on MOHAMMEDs-MBP with PID 46611 (started by mohd in /Users/mohd/Desktop/eCommerceApp/nd035-c4-Security-and-DevOps/starter_code)
2024-02-10 12:01:44.430  INFO 46611 --- [main] c.example.demo.SareetaApplicationTests   : No active profile set, falling back to default profiles: default
2024-02-10 12:01:44.805  INFO 46611 --- [main] .s.d.r.c.RepositoryConfigurationDelegate : Bootstrapping Spring Data JPA repositories in DEFAULT mode.
2024-02-10 12:01:44.860  INFO 46611 --- [main] .s.d.r.c.RepositoryConfigurationDelegate : Finished Spring Data repository scanning in 47ms. Found 4 JPA repository interfaces.
2024-02-10 12:01:45.236  INFO 46611 --- [main] o.hibernate.jpa.internal.util.LogHelper  : HHH000204: Processing PersistenceUnitInfo [name: default]
2024-02-10 12:01:45.258  INFO 46611 --- [main] org.hibernate.Version                    : HHH000412: Hibernate ORM core version 5.4.18.Final
2024-02-10 12:01:45.313  INFO 46611 --- [main] o.hibernate.annotations.common.Version   : HCANN000001: Hibernate Commons Annotations {5.1.0.Final}
2024-02-10 12:01:45.358  INFO 46611 --- [main] com.zaxxer.hikari.HikariDataSource       : HikariPool-1 - Starting...
2024-02-10 12:01:45.455  INFO 46611 --- [main] com.zaxxer.hikari.HikariDataSource       : HikariPool-1 - Start completed.
2024-02-10 12:01:45.465  INFO 46611 --- [main] org.hibernate.dialect.Dialect            : HHH000400: Using dialect: org.hibernate.dialect.H2Dialect
2024-02-10 12:01:45.790  INFO 46611 --- [main] o.h.e.t.j.p.i.JtaPlatformInitiator       : HHH000490: Using JtaPlatform implementation: [org.hibernate.engine.transaction.jta.platform.internal.NoJtaPlatform]
2024-02-10 12:01:45.793  INFO 46611 --- [main] j.LocalContainerEntityManagerFactoryBean : Initialized JPA EntityManagerFactory for persistence unit 'default'
2024-02-10 12:01:45.985  WARN 46611 --- [main] JpaBaseConfiguration$JpaWebConfiguration : spring.jpa.open-in-view is enabled by default. Therefore, database queries may be performed during view rendering. Explicitly configure spring.jpa.open-in-view to disable this warning
2024-02-10 12:01:46.215  INFO 46611 --- [main] o.s.s.web.DefaultSecurityFilterChain     : Creating filter chain: any request, [org.springframework.security.web.context.request.async.WebAsyncManagerIntegrationFilter@3ea6faf0, org.springframework.security.web.context.SecurityContextPersistenceFilter@813ab53, org.springframework.security.web.header.HeaderWriterFilter@9cb927e, org.springframework.web.filter.CorsFilter@6fdb1a59, org.springframework.security.web.authentication.logout.LogoutFilter@12d35bc9, com.example.demo.security.JWTAuthenticationFilter@55c341d0, com.example.demo.security.JWTAuthenticationVerficationFilter@348bd063, org.springframework.security.web.savedrequest.RequestCacheAwareFilter@7de2bdc7, org.springframework.security.web.servletapi.SecurityContextHolderAwareRequestFilter@7074da1d, org.springframework.security.web.authentication.AnonymousAuthenticationFilter@3d73cd78, org.springframework.security.web.session.SessionManagementFilter@4f356b98, org.springframework.security.web.access.ExceptionTranslationFilter@6b33892a, org.springframework.security.web.access.intercept.FilterSecurityInterceptor@20f6b6e0]
2024-02-10 12:01:46.276  INFO 46611 --- [main] o.s.s.concurrent.ThreadPoolTaskExecutor  : Initializing ExecutorService 'applicationTaskExecutor'
2024-02-10 12:01:46.351  INFO 46611 --- [main] c.example.demo.SareetaApplicationTests   : Started SareetaApplicationTests in 2.118 seconds (JVM running for 2.588)
2024-02-10 12:01:46.404  INFO 46611 --- [SpringContextShutdownHook] o.s.s.concurrent.ThreadPoolTaskExecutor  : Shutting down ExecutorService 'applicationTaskExecutor'
2024-02-10 12:01:46.405  INFO 46611 --- [SpringContextShutdownHook] j.LocalContainerEntityManagerFactoryBean : Closing JPA EntityManagerFactory for persistence unit 'default'
2024-02-10 12:01:46.406  INFO 46611 --- [SpringContextShutdownHook] com.zaxxer.hikari.HikariDataSource       : HikariPool-1 - Shutdown initiated...
2024-02-10 12:01:46.407  INFO 46611 --- [SpringContextShutdownHook] com.zaxxer.hikari.HikariDataSource       : HikariPool-1 - Shutdown completed.
